c:\users\vovan\source\repos\exercise9\exercise9\debug\exercise9.pch
c:\users\vovan\source\repos\exercise9\exercise9\debug\vc141.pdb
c:\users\vovan\source\repos\exercise9\exercise9\debug\vc141.idb
c:\users\vovan\source\repos\exercise9\exercise9\debug\pch.obj
c:\users\vovan\source\repos\exercise9\exercise9\debug\exercise9.obj
c:\users\vovan\source\repos\exercise9\debug\exercise9.pdb
c:\users\vovan\source\repos\exercise9\exercise9\debug\exercise9.tlog\cl.command.1.tlog
c:\users\vovan\source\repos\exercise9\exercise9\debug\exercise9.tlog\cl.read.1.tlog
c:\users\vovan\source\repos\exercise9\exercise9\debug\exercise9.tlog\cl.write.1.tlog
c:\users\vovan\source\repos\exercise9\exercise9\debug\exercise9.tlog\link-cvtres.read.1.tlog
c:\users\vovan\source\repos\exercise9\exercise9\debug\exercise9.tlog\link-cvtres.write.1.tlog
c:\users\vovan\source\repos\exercise9\exercise9\debug\exercise9.tlog\link-rc.read.1.tlog
c:\users\vovan\source\repos\exercise9\exercise9\debug\exercise9.tlog\link-rc.write.1.tlog
c:\users\vovan\source\repos\exercise9\exercise9\debug\exercise9.tlog\link.13424-cvtres.read.1.tlog
c:\users\vovan\source\repos\exercise9\exercise9\debug\exercise9.tlog\link.13424-cvtres.write.1.tlog
c:\users\vovan\source\repos\exercise9\exercise9\debug\exercise9.tlog\link.13424-rc.read.1.tlog
c:\users\vovan\source\repos\exercise9\exercise9\debug\exercise9.tlog\link.13424-rc.write.1.tlog
c:\users\vovan\source\repos\exercise9\exercise9\debug\exercise9.tlog\link.13424.read.1.tlog
c:\users\vovan\source\repos\exercise9\exercise9\debug\exercise9.tlog\link.13424.write.1.tlog
c:\users\vovan\source\repos\exercise9\exercise9\debug\exercise9.tlog\link.command.1.tlog
c:\users\vovan\source\repos\exercise9\exercise9\debug\exercise9.tlog\link.read.1.tlog
c:\users\vovan\source\repos\exercise9\exercise9\debug\exercise9.tlog\link.write.1.tlog
